[2014-02-03 23:24:40,909] INFO [SessionExpirationListener on 0], ZK expired; shut down all controller components and try to re-elect (kafka.controller.KafkaController$SessionExpirationListener)
[2014-02-03 23:24:40,914] INFO [Controller-0-to-broker-0-send-thread], Shutting down (kafka.controller.RequestSendThread)
[2014-02-03 23:24:40,915] INFO [Controller-0-to-broker-0-send-thread], Stopped  (kafka.controller.RequestSendThread)
[2014-02-03 23:24:40,916] INFO [Controller-0-to-broker-0-send-thread], Shutdown completed (kafka.controller.RequestSendThread)
[2014-02-03 23:24:41,104] INFO [Controller 0]: Broker 0 starting become controller state transition (kafka.controller.KafkaController)
[2014-02-03 23:24:41,180] INFO [Controller 0]: Controller 0 incremented epoch to 4 (kafka.controller.KafkaController)
[2014-02-03 23:24:41,219] INFO [Controller 0]: Currently active brokers in the cluster: Set() (kafka.controller.KafkaController)
[2014-02-03 23:24:41,219] INFO [Controller 0]: Currently shutting brokers in the cluster: Set() (kafka.controller.KafkaController)
[2014-02-03 23:24:41,219] INFO [Controller 0]: Current list of topics in the cluster: Set(test) (kafka.controller.KafkaController)
[2014-02-03 23:24:41,220] INFO [Replica state machine on controller 0]: Invoking state change to OnlineReplica for replicas  (kafka.controller.ReplicaStateMachine)
[2014-02-03 23:24:41,220] INFO [Replica state machine on controller 0]: Started replica state machine with initial state -> Map((test,0,0) -> OfflineReplica) (kafka.controller.ReplicaStateMachine)
[2014-02-03 23:24:41,233] DEBUG [OfflinePartitionLeaderSelector]: No broker in ISR is alive for [test,0]. Pick the leader from the alive assigned replicas:  (kafka.controller.OfflinePartitionLeaderSelector)
[2014-02-03 23:24:41,235] INFO [Partition state machine on Controller 0]: Started partition state machine with initial state -> Map([test,0] -> OfflinePartition) (kafka.controller.PartitionStateMachine)
[2014-02-03 23:24:41,236] INFO [Controller 0]: Broker 0 is ready to serve as the new controller with epoch 4 (kafka.controller.KafkaController)
[2014-02-03 23:24:41,238] INFO [Controller 0]: Partitions being reassigned: Map() (kafka.controller.KafkaController)
[2014-02-03 23:24:41,239] INFO [Controller 0]: Partitions already reassigned: List() (kafka.controller.KafkaController)
[2014-02-03 23:24:41,239] INFO [Controller 0]: Resuming reassignment of partitions: Map() (kafka.controller.KafkaController)
[2014-02-03 23:24:41,242] INFO [Controller 0]: Partitions undergoing preferred replica election:  (kafka.controller.KafkaController)
[2014-02-03 23:24:41,242] INFO [Controller 0]: Partitions that completed preferred replica election:  (kafka.controller.KafkaController)
[2014-02-03 23:24:41,242] INFO [Controller 0]: Resuming preferred replica election for partitions:  (kafka.controller.KafkaController)
[2014-02-03 23:24:41,243] INFO [Controller 0]: Starting preferred replica leader election for partitions  (kafka.controller.KafkaController)
[2014-02-03 23:24:41,243] INFO [Partition state machine on Controller 0]: Invoking state change to OnlinePartition for partitions  (kafka.controller.PartitionStateMachine)
[2014-02-03 23:24:41,361] INFO [BrokerChangeListener on Controller 0]: Broker change listener fired for path /brokers/ids with children 0 (kafka.controller.ReplicaStateMachine$BrokerChangeListener)
[2014-02-03 23:24:41,402] INFO [BrokerChangeListener on Controller 0]: Newly added brokers: 0, deleted brokers: , all live brokers: 0 (kafka.controller.ReplicaStateMachine$BrokerChangeListener)
[2014-02-03 23:24:41,402] DEBUG [Channel manager on controller 0]: Controller 0 trying to connect to broker 0 (kafka.controller.ControllerChannelManager)
[2014-02-03 23:24:41,404] INFO [Controller-0-to-broker-0-send-thread], Controller 0 connected to id:0,host:ddao-Aspire-3830TG,port:9092 for sending state change requests (kafka.controller.RequestSendThread)
[2014-02-03 23:24:41,405] INFO [Controller-0-to-broker-0-send-thread], Starting  (kafka.controller.RequestSendThread)
[2014-02-03 23:24:41,405] INFO [Controller 0]: New broker startup callback for 0 (kafka.controller.KafkaController)
[2014-02-03 23:24:41,406] INFO [Replica state machine on controller 0]: Invoking state change to OnlineReplica for replicas PartitionAndReplica(test,0,0) (kafka.controller.ReplicaStateMachine)
[2014-02-03 23:24:41,432] DEBUG [OfflinePartitionLeaderSelector]: Some broker in ISR is alive for [test,0]. Select 0 from ISR 0 to be the leader. (kafka.controller.OfflinePartitionLeaderSelector)
[2014-02-03 23:24:41,433] INFO [OfflinePartitionLeaderSelector]: Selected new leader and ISR {"leader":0,"leader_epoch":2,"isr":[0]} for offline partition [test,0] (kafka.controller.OfflinePartitionLeaderSelector)
[2014-02-03 23:24:41,698] DEBUG [Partition state machine on Controller 0]: After leader election, leader cache is updated to Map([test,0] -> (Leader:0,ISR:0,LeaderEpoch:2,ControllerEpoch:4)) (kafka.controller.PartitionStateMachine)
[2014-02-03 23:24:41,928] DEBUG [TopicChangeListener on Controller 0]: Topic change listener fired for path /brokers/topics with children test (kafka.controller.PartitionStateMachine$TopicChangeListener)
[2014-02-03 23:24:41,930] INFO [TopicChangeListener on Controller 0]: New topics: [Set()], deleted topics: [Set()], new partition replica assignment [Map()] (kafka.controller.PartitionStateMachine$TopicChangeListener)
[2014-02-03 23:24:41,936] INFO [AddPartitionsListener on 0]: Add Partition triggered {"version":1,"partitions":{"0":[0]}} for path /brokers/topics/test (kafka.controller.PartitionStateMachine$AddPartitionsListener)
[2014-02-03 23:24:41,945] INFO [AddPartitionsListener on 0]: New partitions to be added [Map()] (kafka.controller.PartitionStateMachine$AddPartitionsListener)
[2014-02-03 23:24:41,947] DEBUG [ControllerEpochListener on 0]: Controller epoch listener fired with new epoch 4 (kafka.controller.ControllerEpochListener)
[2014-02-03 23:24:41,949] INFO [ControllerEpochListener on 0]: Initialized controller epoch to 4 and zk version 3 (kafka.controller.ControllerEpochListener)
[2014-02-03 23:24:41,959] INFO [BrokerChangeListener on Controller 0]: Broker change listener fired for path /brokers/ids with children 0 (kafka.controller.ReplicaStateMachine$BrokerChangeListener)
[2014-02-03 23:24:41,983] INFO [BrokerChangeListener on Controller 0]: Newly added brokers: , deleted brokers: , all live brokers: 0 (kafka.controller.ReplicaStateMachine$BrokerChangeListener)
[2014-02-03 23:24:42,005] INFO [BrokerChangeListener on Controller 0]: Broker change listener fired for path /brokers/ids with children 0 (kafka.controller.ReplicaStateMachine$BrokerChangeListener)
[2014-02-03 23:24:42,018] INFO [BrokerChangeListener on Controller 0]: Newly added brokers: , deleted brokers: , all live brokers: 0 (kafka.controller.ReplicaStateMachine$BrokerChangeListener)
[2014-02-03 23:34:20,338] INFO [Controller-0-to-broker-0-send-thread], Shutting down (kafka.controller.RequestSendThread)
[2014-02-03 23:34:20,339] INFO [Controller-0-to-broker-0-send-thread], Stopped  (kafka.controller.RequestSendThread)
[2014-02-03 23:34:20,339] INFO [Controller-0-to-broker-0-send-thread], Shutdown completed (kafka.controller.RequestSendThread)
[2014-02-03 23:34:20,342] INFO [Controller 0]: Controller shutdown complete (kafka.controller.KafkaController)
