[2014-02-03 23:24:39,542] ERROR Closing socket for /127.0.0.1 because of error (kafka.network.Processor)
java.io.IOException: Connection reset by peer
	at sun.nio.ch.FileDispatcherImpl.read0(Native Method)
	at sun.nio.ch.SocketDispatcher.read(SocketDispatcher.java:39)
	at sun.nio.ch.IOUtil.readIntoNativeBuffer(IOUtil.java:223)
	at sun.nio.ch.IOUtil.read(IOUtil.java:197)
	at sun.nio.ch.SocketChannelImpl.read(SocketChannelImpl.java:379)
	at kafka.utils.Utils$.read(Utils.scala:375)
	at kafka.network.BoundedByteBufferReceive.readFrom(BoundedByteBufferReceive.scala:54)
	at kafka.network.Processor.read(SocketServer.scala:377)
	at kafka.network.Processor.run(SocketServer.scala:275)
	at java.lang.Thread.run(Thread.java:744)
[2014-02-03 23:24:40,912] INFO Closing socket connection to /127.0.0.1. (kafka.network.Processor)
[2014-02-03 23:24:41,103] INFO 0 successfully elected as leader (kafka.server.ZookeeperLeaderElector)
[2014-02-03 23:24:41,301] INFO re-registering broker info in ZK for broker 0 (kafka.server.KafkaHealthcheck)
[2014-02-03 23:24:41,356] INFO Registered broker 0 at path /brokers/ids/0 with address ddao-Aspire-3830TG:9092. (kafka.utils.ZkUtils$)
[2014-02-03 23:24:41,356] INFO done re-registering broker (kafka.server.KafkaHealthcheck)
[2014-02-03 23:24:41,357] INFO Subscribing to /brokers/topics path to watch for new topics (kafka.server.KafkaHealthcheck)
[2014-02-03 23:24:41,472] ERROR Closing socket for /127.0.0.1 because of error (kafka.network.Processor)
java.io.IOException: Connection reset by peer
	at sun.nio.ch.FileDispatcherImpl.read0(Native Method)
	at sun.nio.ch.SocketDispatcher.read(SocketDispatcher.java:39)
	at sun.nio.ch.IOUtil.readIntoNativeBuffer(IOUtil.java:223)
	at sun.nio.ch.IOUtil.read(IOUtil.java:197)
	at sun.nio.ch.SocketChannelImpl.read(SocketChannelImpl.java:379)
	at kafka.utils.Utils$.read(Utils.scala:375)
	at kafka.network.BoundedByteBufferReceive.readFrom(BoundedByteBufferReceive.scala:54)
	at kafka.network.Processor.read(SocketServer.scala:377)
	at kafka.network.Processor.run(SocketServer.scala:275)
	at java.lang.Thread.run(Thread.java:744)
[2014-02-03 23:24:41,701] INFO [ReplicaFetcherManager on broker 0] Removed fetcher for partitions [test,0] (kafka.server.ReplicaFetcherManager)
[2014-02-03 23:24:41,949] INFO Closing socket connection to /127.0.0.1. (kafka.network.Processor)
[2014-02-03 23:24:41,957] INFO New leader is 0 (kafka.server.ZookeeperLeaderElector$LeaderChangeListener)
[2014-02-03 23:34:20,085] INFO [Kafka Server 0], shutting down (kafka.server.KafkaServer)
[2014-02-03 23:34:20,087] INFO [Socket Server on Broker 0], Shutting down (kafka.network.SocketServer)
[2014-02-03 23:34:20,096] INFO [Socket Server on Broker 0], Shutdown completed (kafka.network.SocketServer)
[2014-02-03 23:34:20,097] INFO [Kafka Request Handler on Broker 0], shutting down (kafka.server.KafkaRequestHandlerPool)
[2014-02-03 23:34:20,100] INFO [Kafka Request Handler on Broker 0], shut down completely (kafka.server.KafkaRequestHandlerPool)
[2014-02-03 23:34:20,247] INFO [Replica Manager on Broker 0]: Shut down (kafka.server.ReplicaManager)
[2014-02-03 23:34:20,248] INFO [ReplicaFetcherManager on broker 0] shutting down (kafka.server.ReplicaFetcherManager)
[2014-02-03 23:34:20,250] INFO [ReplicaFetcherManager on broker 0] shutdown completed (kafka.server.ReplicaFetcherManager)
[2014-02-03 23:34:20,253] INFO [Replica Manager on Broker 0]: Shutted down completely (kafka.server.ReplicaManager)
[2014-02-03 23:34:20,376] INFO [Kafka Server 0], shut down completed (kafka.server.KafkaServer)
