[2014-02-03 23:24:41,220] TRACE Controller 0 epoch 4 started leader election for partition [test,0] (state.change.logger)
[2014-02-03 23:24:41,234] ERROR Controller 0 epoch 4 initiated state change for partition [test,0] from OfflinePartition to OnlinePartition failed (state.change.logger)
kafka.common.NoReplicaOnlineException: No replica for partition [test,0] is alive. Live brokers are: [Set()], Assigned replicas are: [List(0)]
	at kafka.controller.OfflinePartitionLeaderSelector.selectLeader(PartitionLeaderSelector.scala:61)
	at kafka.controller.PartitionStateMachine.electLeaderForPartition(PartitionStateMachine.scala:320)
	at kafka.controller.PartitionStateMachine.kafka$controller$PartitionStateMachine$$handleStateChange(PartitionStateMachine.scala:169)
	at kafka.controller.PartitionStateMachine$$anonfun$triggerOnlinePartitionStateChange$1.apply(PartitionStateMachine.scala:91)
	at kafka.controller.PartitionStateMachine$$anonfun$triggerOnlinePartitionStateChange$1.apply(PartitionStateMachine.scala:89)
	at scala.collection.mutable.HashMap$$anonfun$foreach$1.apply(HashMap.scala:80)
	at scala.collection.mutable.HashMap$$anonfun$foreach$1.apply(HashMap.scala:80)
	at scala.collection.Iterator$class.foreach(Iterator.scala:631)
	at scala.collection.mutable.HashTable$$anon$1.foreach(HashTable.scala:161)
	at scala.collection.mutable.HashTable$class.foreachEntry(HashTable.scala:194)
	at scala.collection.mutable.HashMap.foreachEntry(HashMap.scala:39)
	at scala.collection.mutable.HashMap.foreach(HashMap.scala:80)
	at kafka.controller.PartitionStateMachine.triggerOnlinePartitionStateChange(PartitionStateMachine.scala:89)
	at kafka.controller.PartitionStateMachine.startup(PartitionStateMachine.scala:64)
	at kafka.controller.KafkaController.onControllerFailover(KafkaController.scala:281)
	at kafka.controller.KafkaController$$anonfun$1.apply$mcV$sp(KafkaController.scala:133)
	at kafka.server.ZookeeperLeaderElector.elect(ZookeeperLeaderElector.scala:63)
	at kafka.controller.KafkaController$SessionExpirationListener.handleNewSession(KafkaController.scala:984)
	at org.I0Itec.zkclient.ZkClient$4.run(ZkClient.java:472)
	at org.I0Itec.zkclient.ZkEventThread.run(ZkEventThread.java:71)
[2014-02-03 23:24:41,405] TRACE Controller 0 epoch 4 sending UpdateMetadata request (Leader:0,ISR:0,LeaderEpoch:1,ControllerEpoch:3) with correlationId 11 to broker 0 for partition [test,0] (state.change.logger)
[2014-02-03 23:24:41,407] TRACE Controller 0 epoch 4 changed state of replica 0 for partition [test,0] to OnlineReplica (state.change.logger)
[2014-02-03 23:24:41,408] TRACE Controller 0 epoch 4 sending become-leader LeaderAndIsr request (Leader:0,ISR:0,LeaderEpoch:1,ControllerEpoch:3) with correlationId 12 to broker 0 for partition [test,0] (state.change.logger)
[2014-02-03 23:24:41,409] TRACE Controller 0 epoch 4 sending UpdateMetadata request (Leader:0,ISR:0,LeaderEpoch:1,ControllerEpoch:3) with correlationId 12 to broker 0 for partition [test,0] (state.change.logger)
[2014-02-03 23:24:41,409] TRACE Controller 0 epoch 4 started leader election for partition [test,0] (state.change.logger)
[2014-02-03 23:24:41,409] TRACE Broker 0 cached leader info (LeaderAndIsrInfo:(Leader:0,ISR:0,LeaderEpoch:1,ControllerEpoch:3),ReplicationFactor:1),AllReplicas:0) for partition [test,0] in response to UpdateMetadata request sent by controller 0 epoch 4 with correlation id 11 (state.change.logger)
[2014-02-03 23:24:41,410] TRACE Controller 0 epoch 4 received response correlationId 11 for a request sent to broker id:0,host:ddao-Aspire-3830TG,port:9092 (state.change.logger)
[2014-02-03 23:24:41,411] TRACE Broker 0 received LeaderAndIsr request (LeaderAndIsrInfo:(Leader:0,ISR:0,LeaderEpoch:1,ControllerEpoch:3),ReplicationFactor:1),AllReplicas:0) correlation id 12 from controller 0 epoch 4 for partition [test,0] (state.change.logger)
[2014-02-03 23:24:41,412] WARN Broker 0 received invalid LeaderAndIsr request with correlation id 12 from controller 0 epoch 4 with an older leader epoch 1 for partition [test,0], current leader epoch is 1 (state.change.logger)
[2014-02-03 23:24:41,412] TRACE Controller 0 epoch 4 received response correlationId 12 for a request sent to broker id:0,host:ddao-Aspire-3830TG,port:9092 (state.change.logger)
[2014-02-03 23:24:41,415] TRACE Broker 0 cached leader info (LeaderAndIsrInfo:(Leader:0,ISR:0,LeaderEpoch:1,ControllerEpoch:3),ReplicationFactor:1),AllReplicas:0) for partition [test,0] in response to UpdateMetadata request sent by controller 0 epoch 4 with correlation id 12 (state.change.logger)
[2014-02-03 23:24:41,421] TRACE Controller 0 epoch 4 received response correlationId 12 for a request sent to broker id:0,host:ddao-Aspire-3830TG,port:9092 (state.change.logger)
[2014-02-03 23:24:41,697] TRACE Controller 0 epoch 4 elected leader 0 for Offline partition [test,0] (state.change.logger)
[2014-02-03 23:24:41,698] TRACE Controller 0 epoch 4 changed partition [test,0] from OnlinePartition to OnlinePartition with leader 0 (state.change.logger)
[2014-02-03 23:24:41,699] TRACE Controller 0 epoch 4 sending become-leader LeaderAndIsr request (Leader:0,ISR:0,LeaderEpoch:2,ControllerEpoch:4) with correlationId 13 to broker 0 for partition [test,0] (state.change.logger)
[2014-02-03 23:24:41,700] TRACE Broker 0 received LeaderAndIsr request (LeaderAndIsrInfo:(Leader:0,ISR:0,LeaderEpoch:2,ControllerEpoch:4),ReplicationFactor:1),AllReplicas:0) correlation id 13 from controller 0 epoch 4 for partition [test,0] (state.change.logger)
[2014-02-03 23:24:41,700] TRACE Controller 0 epoch 4 sending UpdateMetadata request (Leader:0,ISR:0,LeaderEpoch:2,ControllerEpoch:4) with correlationId 13 to broker 0 for partition [test,0] (state.change.logger)
[2014-02-03 23:24:41,701] TRACE Broker 0 handling LeaderAndIsr request correlationId 13 from controller 0 epoch 4 starting the become-leader transition for partition [test,0] (state.change.logger)
[2014-02-03 23:24:41,701] TRACE Broker 0 stopped fetchers as part of become-leader request from controller 0 epoch 4 with correlation id 13 for partition [test,0] (state.change.logger)
[2014-02-03 23:24:41,702] TRACE Broker 0 completed LeaderAndIsr request correlationId 13 from controller 0 epoch 4 for the become-leader transition for partition [test,0] (state.change.logger)
[2014-02-03 23:24:41,702] TRACE Controller 0 epoch 4 received response correlationId 13 for a request sent to broker id:0,host:ddao-Aspire-3830TG,port:9092 (state.change.logger)
[2014-02-03 23:24:41,703] TRACE Broker 0 cached leader info (LeaderAndIsrInfo:(Leader:0,ISR:0,LeaderEpoch:2,ControllerEpoch:4),ReplicationFactor:1),AllReplicas:0) for partition [test,0] in response to UpdateMetadata request sent by controller 0 epoch 4 with correlation id 13 (state.change.logger)
[2014-02-03 23:24:41,704] TRACE Controller 0 epoch 4 received response correlationId 13 for a request sent to broker id:0,host:ddao-Aspire-3830TG,port:9092 (state.change.logger)
